2021/10/04 14:05:48 [error] [exception.CDbException] CDbException: CDbConnection failed to open the DB connection: SQLSTATE[HY000] [1049] Unknown database 'galatech' in /home/pmahendro/public_html/yii/framework/db/CDbConnection.php:399
Stack trace:
#0 /home/pmahendro/public_html/yii/framework/db/CDbConnection.php(347): CDbConnection->open()
#1 /home/pmahendro/public_html/yii/framework/db/CDbConnection.php(325): CDbConnection->setActive(true)
#2 /home/pmahendro/public_html/yii/framework/base/CModule.php(394): CDbConnection->init()
#3 /home/pmahendro/public_html/yii/framework/web/auth/CDbAuthManager.php(589): CModule->getComponent('db')
#4 /home/pmahendro/public_html/yii/framework/web/auth/CDbAuthManager.php(59): CDbAuthManager->getDbConnection()
#5 /home/pmahendro/public_html/yii/framework/base/CModule.php(394): CDbAuthManager->init()
#6 /home/pmahendro/public_html/yii/framework/web/CWebApplication.php(185): CModule->getComponent('authManager')
#7 /home/pmahendro/public_html/yii/framework/web/auth/CWebUser.php(817): CWebApplication->getAuthManager()
#8 /home/pmahendro/public_html/galatech/protected/views/layouts/main.php(38): CWebUser->checkAccess('master')
#9 /home/pmahendro/public_html/yii/framework/web/CBaseController.php(126): require('/home/pmahendro...')
#10 /home/pmahendro/public_html/yii/framework/web/CBaseController.php(95): CBaseController->renderInternal('/home/pmahendro...', Array, true)
#11 /home/pmahendro/public_html/yii/framework/web/widgets/CContentDecorator.php(76): CBaseController->renderFile('/home/pmahendro...', Array, true)
#12 /home/pmahendro/public_html/yii/framework/web/widgets/CContentDecorator.php(54): CContentDecorator->decorate('<div class="con...')
#13 /home/pmahendro/public_html/yii/framework/web/widgets/COutputProcessor.php(44): CContentDecorator->processOutput('<div class="con...')
#14 /home/pmahendro/public_html/yii/framework/web/CBaseController.php(215): COutputProcessor->run()
#15 /home/pmahendro/public_html/yii/framework/web/CBaseController.php(309): CBaseController->endWidget('CContentDecorat...')
#16 /home/pmahendro/public_html/galatech/protected/views/layouts/column1.php(7): CBaseController->endContent()
#17 /home/pmahendro/public_html/yii/framework/web/CBaseController.php(126): require('/home/pmahendro...')
#18 /home/pmahendro/public_html/yii/framework/web/CBaseController.php(95): CBaseController->renderInternal('/home/pmahendro...', Array, true)
#19 /home/pmahendro/public_html/yii/framework/web/CController.php(787): CBaseController->renderFile('/home/pmahendro...', Array, true)
#20 /home/pmahendro/public_html/galatech/protected/controllers/SiteController.php(96): CController->render('login', Array)
#21 /home/pmahendro/public_html/yii/framework/web/actions/CInlineAction.php(49): SiteController->actionLogin()
#22 /home/pmahendro/public_html/yii/framework/web/CController.php(308): CInlineAction->runWithParams(Array)
#23 /home/pmahendro/public_html/yii/framework/web/CController.php(286): CController->runAction(Object(CInlineAction))
#24 /home/pmahendro/public_html/yii/framework/web/CController.php(265): CController->runActionWithFilters(Object(CInlineAction), Array)
#25 /home/pmahendro/public_html/yii/framework/web/CWebApplication.php(282): CController->run('login')
#26 /home/pmahendro/public_html/yii/framework/web/CWebApplication.php(141): CWebApplication->runController('')
#27 /home/pmahendro/public_html/yii/framework/base/CApplication.php(185): CWebApplication->processRequest()
#28 /home/pmahendro/public_html/galatech/index.php(13): CApplication->run()
#29 {main}
REQUEST_URI=/galatech/
---
2022/06/14 21:00:55 [error] [exception.CDbException] CDbException: CDbConnection failed to open the DB connection: SQLSTATE[HY000] [1049] Unknown database 'galatech' in /home/pmahendro/public_html/yii/framework/db/CDbConnection.php:399
Stack trace:
#0 /home/pmahendro/public_html/yii/framework/db/CDbConnection.php(347): CDbConnection->open()
#1 /home/pmahendro/public_html/yii/framework/db/CDbConnection.php(325): CDbConnection->setActive(true)
#2 /home/pmahendro/public_html/yii/framework/base/CModule.php(394): CDbConnection->init()
#3 /home/pmahendro/public_html/yii/framework/web/auth/CDbAuthManager.php(589): CModule->getComponent('db')
#4 /home/pmahendro/public_html/yii/framework/web/auth/CDbAuthManager.php(59): CDbAuthManager->getDbConnection()
#5 /home/pmahendro/public_html/yii/framework/base/CModule.php(394): CDbAuthManager->init()
#6 /home/pmahendro/public_html/yii/framework/web/CWebApplication.php(185): CModule->getComponent('authManager')
#7 /home/pmahendro/public_html/yii/framework/web/auth/CWebUser.php(817): CWebApplication->getAuthManager()
#8 /home/pmahendro/public_html/galatech/protected/views/layouts/main.php(38): CWebUser->checkAccess('master')
#9 /home/pmahendro/public_html/yii/framework/web/CBaseController.php(126): require('/home/pmahendro...')
#10 /home/pmahendro/public_html/yii/framework/web/CBaseController.php(95): CBaseController->renderInternal('/home/pmahendro...', Array, true)
#11 /home/pmahendro/public_html/yii/framework/web/widgets/CContentDecorator.php(76): CBaseController->renderFile('/home/pmahendro...', Array, true)
#12 /home/pmahendro/public_html/yii/framework/web/widgets/CContentDecorator.php(54): CContentDecorator->decorate('<div class="con...')
#13 /home/pmahendro/public_html/yii/framework/web/widgets/COutputProcessor.php(44): CContentDecorator->processOutput('<div class="con...')
#14 /home/pmahendro/public_html/yii/framework/web/CBaseController.php(215): COutputProcessor->run()
#15 /home/pmahendro/public_html/yii/framework/web/CBaseController.php(309): CBaseController->endWidget('CContentDecorat...')
#16 /home/pmahendro/public_html/galatech/protected/views/layouts/column1.php(7): CBaseController->endContent()
#17 /home/pmahendro/public_html/yii/framework/web/CBaseController.php(126): require('/home/pmahendro...')
#18 /home/pmahendro/public_html/yii/framework/web/CBaseController.php(95): CBaseController->renderInternal('/home/pmahendro...', Array, true)
#19 /home/pmahendro/public_html/yii/framework/web/CController.php(787): CBaseController->renderFile('/home/pmahendro...', Array, true)
#20 /home/pmahendro/public_html/galatech/protected/controllers/SiteController.php(96): CController->render('login', Array)
#21 /home/pmahendro/public_html/yii/framework/web/actions/CInlineAction.php(49): SiteController->actionLogin()
#22 /home/pmahendro/public_html/yii/framework/web/CController.php(308): CInlineAction->runWithParams(Array)
#23 /home/pmahendro/public_html/yii/framework/web/CController.php(286): CController->runAction(Object(CInlineAction))
#24 /home/pmahendro/public_html/yii/framework/web/CController.php(265): CController->runActionWithFilters(Object(CInlineAction), Array)
#25 /home/pmahendro/public_html/yii/framework/web/CWebApplication.php(282): CController->run('login')
#26 /home/pmahendro/public_html/yii/framework/web/CWebApplication.php(141): CWebApplication->runController('')
#27 /home/pmahendro/public_html/yii/framework/base/CApplication.php(185): CWebApplication->processRequest()
#28 /home/pmahendro/public_html/galatech/index.php(13): CApplication->run()
#29 {main}
REQUEST_URI=/galatech/
---
2022/09/06 14:51:59 [error] [exception.CDbException] CDbException: CDbConnection failed to open the DB connection: SQLSTATE[HY000] [1049] Unknown database 'galatech' in /home/pmahendro/public_html/yii/framework/db/CDbConnection.php:381
Stack trace:
#0 /home/pmahendro/public_html/yii/framework/db/CDbConnection.php(330): CDbConnection->open()
#1 /home/pmahendro/public_html/yii/framework/db/CDbConnection.php(308): CDbConnection->setActive(true)
#2 /home/pmahendro/public_html/yii/framework/base/CModule.php(387): CDbConnection->init()
#3 /home/pmahendro/public_html/yii/framework/web/auth/CDbAuthManager.php(589): CModule->getComponent('db')
#4 /home/pmahendro/public_html/yii/framework/web/auth/CDbAuthManager.php(59): CDbAuthManager->getDbConnection()
#5 /home/pmahendro/public_html/yii/framework/base/CModule.php(387): CDbAuthManager->init()
#6 /home/pmahendro/public_html/yii/framework/web/CWebApplication.php(185): CModule->getComponent('authManager')
#7 /home/pmahendro/public_html/yii/framework/web/auth/CWebUser.php(806): CWebApplication->getAuthManager()
#8 /home/pmahendro/public_html/galatech/protected/views/layouts/main.php(38): CWebUser->checkAccess('master')
#9 /home/pmahendro/public_html/yii/framework/web/CBaseController.php(126): require('/home/pmahendro...')
#10 /home/pmahendro/public_html/yii/framework/web/CBaseController.php(95): CBaseController->renderInternal('/home/pmahendro...', Array, true)
#11 /home/pmahendro/public_html/yii/framework/web/widgets/CContentDecorator.php(76): CBaseController->renderFile('/home/pmahendro...', Array, true)
#12 /home/pmahendro/public_html/yii/framework/web/widgets/CContentDecorator.php(54): CContentDecorator->decorate('<div class="con...')
#13 /home/pmahendro/public_html/yii/framework/web/widgets/COutputProcessor.php(44): CContentDecorator->processOutput('<div class="con...')
#14 /home/pmahendro/public_html/yii/framework/web/CBaseController.php(206): COutputProcessor->run()
#15 /home/pmahendro/public_html/yii/framework/web/CBaseController.php(300): CBaseController->endWidget('CContentDecorat...')
#16 /home/pmahendro/public_html/galatech/protected/views/layouts/column1.php(7): CBaseController->endContent()
#17 /home/pmahendro/public_html/yii/framework/web/CBaseController.php(126): require('/home/pmahendro...')
#18 /home/pmahendro/public_html/yii/framework/web/CBaseController.php(95): CBaseController->renderInternal('/home/pmahendro...', Array, true)
#19 /home/pmahendro/public_html/yii/framework/web/CController.php(784): CBaseController->renderFile('/home/pmahendro...', Array, true)
#20 /home/pmahendro/public_html/galatech/protected/controllers/SiteController.php(96): CController->render('login', Array)
#21 /home/pmahendro/public_html/yii/framework/web/actions/CInlineAction.php(49): SiteController->actionLogin()
#22 /home/pmahendro/public_html/yii/framework/web/CController.php(308): CInlineAction->runWithParams(Array)
#23 /home/pmahendro/public_html/yii/framework/web/CController.php(286): CController->runAction(Object(CInlineAction))
#24 /home/pmahendro/public_html/yii/framework/web/CController.php(265): CController->runActionWithFilters(Object(CInlineAction), Array)
#25 /home/pmahendro/public_html/yii/framework/web/CWebApplication.php(282): CController->run('login')
#26 /home/pmahendro/public_html/yii/framework/web/CWebApplication.php(141): CWebApplication->runController('')
#27 /home/pmahendro/public_html/yii/framework/base/CApplication.php(169): CWebApplication->processRequest()
#28 /home/pmahendro/public_html/galatech/index.php(13): CApplication->run()
#29 {main}
REQUEST_URI=/galatech/
---
